<?xml version="1.0" encoding="UTF-8"?>
<!-- Generated by org.testng.reporters.JUnitReportReporter -->
<testsuite hostname="SIGU-LE-24-N-23" failures="0" tests="4" name="testCase.TC004_LoginDDT" time="20.341" errors="0" timestamp="2025-01-14T17:50:01 IST" skipped="0">
  <testcase classname="testCase.TC004_LoginDDT" name="verifyLoginDDT" time="1.688"/>
  <testcase classname="testCase.TC004_LoginDDT" name="verifyLoginDDT" time="6.047"/>
  <testcase classname="testCase.TC004_LoginDDT" name="verifyLoginDDT" time="6.314"/>
  <testcase classname="testCase.TC004_LoginDDT" name="verifyLoginDDT" time="6.292"/>
</testsuite> <!-- testCase.TC004_LoginDDT -->
