<?xml version="1.0" encoding="UTF-8"?>
<!-- Generated by org.testng.reporters.JUnitReportReporter -->
<testsuite hostname="SIGU-LE-24-N-23" failures="0" tests="1" name="testCase.TC003_LoginNegativeTest" time="1.281" errors="0" timestamp="2025-01-16T18:19:47 IST" skipped="0">
  <testcase classname="testCase.TC003_LoginNegativeTest" name="verifyNegativeLogin" time="1.281"/>
</testsuite> <!-- testCase.TC003_LoginNegativeTest -->
