<?xml version="1.0" encoding="UTF-8"?>
<!-- Generated by org.testng.reporters.JUnitReportReporter -->
<testsuite hostname="SIGU-LE-24-N-23" failures="0" tests="3" name="testCase.TC001_AccountRagistrationTest" time="9.829" errors="0" timestamp="2025-01-16T18:32:12 IST" skipped="0">
  <testcase classname="testCase.TC001_AccountRagistrationTest" name="verifyAccountRagistration" time="3.665"/>
  <testcase classname="testCase.TC001_AccountRagistrationTest" name="verifyAccountRagistration" time="2.658"/>
  <testcase classname="testCase.TC001_AccountRagistrationTest" name="verifyAccountRagistration" time="3.506"/>
</testsuite> <!-- testCase.TC001_AccountRagistrationTest -->
